

Version:	3.6
CmdLine:	C:\Users\mike\prive\cours\ESGI\5AL\design_pattern\projet\DesignPatternProject\simulation.exe --l4j-debug
WOW64:		yes
Working dir:	C:\Users\mike\prive\cours\ESGI\5AL\design_pattern\projet\DesignPatternProject\.
64-bit search:	SOFTWARE\JavaSoft\Java Runtime Environment...
Check:		SOFTWARE\JavaSoft\Java Runtime Environment\1.7
Check launcher:	C:\Program Files\Java\jre7\bin\javaw.exe (OK)
Match:		1.7
Check:		SOFTWARE\JavaSoft\Java Runtime Environment\1.7.0_45
Check launcher:	C:\Program Files\Java\jre7\bin\javaw.exe (OK)
Match:		1.7.0_45
64-bit search:	SOFTWARE\JavaSoft\Java Development Kit...
Check:		SOFTWARE\JavaSoft\Java Development Kit\1.7
Ignore:		1.7
Check:		SOFTWARE\JavaSoft\Java Development Kit\1.7.0_45
Ignore:		1.7.0_45
Runtime used:	1.7.0_45 (64-bit)
Info:		Classpath not defined.
Launcher:	C:\Program Files\Java\jre7\bin\javaw.exe
Launcher args:	-classpath "C:\Users\mike\prive\cours\ESGI\5AL\design_pattern\projet\DesignPatternProject\simulation.exe" simulationlauncher.Launcher
Args length:	133/32768 chars
Exit code:	0


Version:	3.6
CmdLine:	C:\Users\mike\prive\cours\ESGI\5AL\design_pattern\projet\DesignPatternProject\simulation.exe --l4j-debug
WOW64:		yes
Working dir:	C:\Users\mike\prive\cours\ESGI\5AL\design_pattern\projet\DesignPatternProject\.
64-bit search:	SOFTWARE\JavaSoft\Java Runtime Environment...
Check:		SOFTWARE\JavaSoft\Java Runtime Environment\1.7
Check launcher:	C:\Program Files\Java\jre7\bin\javaw.exe (OK)
Match:		1.7
Check:		SOFTWARE\JavaSoft\Java Runtime Environment\1.7.0_45
Check launcher:	C:\Program Files\Java\jre7\bin\javaw.exe (OK)
Match:		1.7.0_45
64-bit search:	SOFTWARE\JavaSoft\Java Development Kit...
Check:		SOFTWARE\JavaSoft\Java Development Kit\1.7
Ignore:		1.7
Check:		SOFTWARE\JavaSoft\Java Development Kit\1.7.0_45
Ignore:		1.7.0_45
Runtime used:	1.7.0_45 (64-bit)
Info:		Classpath not defined.
Launcher:	C:\Program Files\Java\jre7\bin\javaw.exe
Launcher args:	-classpath "C:\Users\mike\prive\cours\ESGI\5AL\design_pattern\projet\DesignPatternProject\simulation.exe" simulationlauncher.Launcher
Args length:	133/32768 chars
Exit code:	0


Version:	3.6
CmdLine:	C:\Users\mike\prive\cours\ESGI\5AL\design_pattern\projet\DesignPatternProject\simulation.exe --l4j-debug
WOW64:		yes
Working dir:	C:\Users\mike\prive\cours\ESGI\5AL\design_pattern\projet\DesignPatternProject\.
64-bit search:	SOFTWARE\JavaSoft\Java Runtime Environment...
Check:		SOFTWARE\JavaSoft\Java Runtime Environment\1.7
Check launcher:	C:\Program Files\Java\jre7\bin\javaw.exe (OK)
Match:		1.7
Check:		SOFTWARE\JavaSoft\Java Runtime Environment\1.7.0_45
Check launcher:	C:\Program Files\Java\jre7\bin\javaw.exe (OK)
Match:		1.7.0_45
64-bit search:	SOFTWARE\JavaSoft\Java Development Kit...
Check:		SOFTWARE\JavaSoft\Java Development Kit\1.7
Ignore:		1.7
Check:		SOFTWARE\JavaSoft\Java Development Kit\1.7.0_45
Ignore:		1.7.0_45
Runtime used:	1.7.0_45 (64-bit)
Info:		Classpath not defined.
Launcher:	C:\Program Files\Java\jre7\bin\javaw.exe
Launcher args:	-classpath "C:\Users\mike\prive\cours\ESGI\5AL\design_pattern\projet\DesignPatternProject\simulation.exe" simulationlauncher.Launcher
Args length:	133/32768 chars
Exit code:	0


Version:	3.6
CmdLine:	C:\Users\mike\prive\cours\ESGI\5AL\design_pattern\projet\DesignPatternProject\simulation.exe --l4j-debug
WOW64:		yes
Working dir:	C:\Users\mike\prive\cours\ESGI\5AL\design_pattern\projet\DesignPatternProject\.
64-bit search:	SOFTWARE\JavaSoft\Java Runtime Environment...
Check:		SOFTWARE\JavaSoft\Java Runtime Environment\1.7
Check launcher:	C:\Program Files\Java\jre7\bin\javaw.exe (OK)
Match:		1.7
Check:		SOFTWARE\JavaSoft\Java Runtime Environment\1.7.0_45
Check launcher:	C:\Program Files\Java\jre7\bin\javaw.exe (OK)
Match:		1.7.0_45
64-bit search:	SOFTWARE\JavaSoft\Java Development Kit...
Check:		SOFTWARE\JavaSoft\Java Development Kit\1.7
Ignore:		1.7
Check:		SOFTWARE\JavaSoft\Java Development Kit\1.7.0_45
Ignore:		1.7.0_45
Runtime used:	1.7.0_45 (64-bit)
Info:		Classpath not defined.
Launcher:	C:\Program Files\Java\jre7\bin\javaw.exe
Launcher args:	-classpath "C:\Users\mike\prive\cours\ESGI\5AL\design_pattern\projet\DesignPatternProject\simulation.exe" simulationlauncher.Launcher
Args length:	133/32768 chars
Exit code:	0


Version:	3.6
CmdLine:	C:\Users\mike\prive\cours\ESGI\5AL\design_pattern\projet\DesignPatternProject\simulation.exe --l4j-debug
WOW64:		yes
Working dir:	C:\Users\mike\prive\cours\ESGI\5AL\design_pattern\projet\DesignPatternProject\.
64-bit search:	SOFTWARE\JavaSoft\Java Runtime Environment...
Check:		SOFTWARE\JavaSoft\Java Runtime Environment\1.7
Check launcher:	C:\Program Files\Java\jre7\bin\javaw.exe (OK)
Match:		1.7
Check:		SOFTWARE\JavaSoft\Java Runtime Environment\1.7.0_45
Check launcher:	C:\Program Files\Java\jre7\bin\javaw.exe (OK)
Match:		1.7.0_45
64-bit search:	SOFTWARE\JavaSoft\Java Development Kit...
Check:		SOFTWARE\JavaSoft\Java Development Kit\1.7
Ignore:		1.7
Check:		SOFTWARE\JavaSoft\Java Development Kit\1.7.0_45
Ignore:		1.7.0_45
Runtime used:	1.7.0_45 (64-bit)
Info:		Classpath not defined.
Launcher:	C:\Program Files\Java\jre7\bin\javaw.exe
Launcher args:	-classpath "C:\Users\mike\prive\cours\ESGI\5AL\design_pattern\projet\DesignPatternProject\simulation.exe" simulationlauncher.Launcher
Args length:	133/32768 chars
Exit code:	0


Version:	3.6
CmdLine:	C:\Users\mike\prive\cours\ESGI\5AL\design_pattern\projet\DesignPatternProject\simulation.exe --l4j-debug
WOW64:		yes
Working dir:	C:\Users\mike\prive\cours\ESGI\5AL\design_pattern\projet\DesignPatternProject\.
64-bit search:	SOFTWARE\JavaSoft\Java Runtime Environment...
Check:		SOFTWARE\JavaSoft\Java Runtime Environment\1.7
Check launcher:	C:\Program Files\Java\jre7\bin\javaw.exe (OK)
Match:		1.7
Check:		SOFTWARE\JavaSoft\Java Runtime Environment\1.7.0_45
Check launcher:	C:\Program Files\Java\jre7\bin\javaw.exe (OK)
Match:		1.7.0_45
64-bit search:	SOFTWARE\JavaSoft\Java Development Kit...
Check:		SOFTWARE\JavaSoft\Java Development Kit\1.7
Ignore:		1.7
Check:		SOFTWARE\JavaSoft\Java Development Kit\1.7.0_45
Ignore:		1.7.0_45
Runtime used:	1.7.0_45 (64-bit)
Info:		Classpath not defined.
Launcher:	C:\Program Files\Java\jre7\bin\javaw.exe
Launcher args:	-classpath "C:\Users\mike\prive\cours\ESGI\5AL\design_pattern\projet\DesignPatternProject\simulation.exe" simulationlauncher.Launcher
Args length:	133/32768 chars
Exit code:	0


Version:	3.6
CmdLine:	C:\Users\mike\prive\cours\ESGI\5AL\design_pattern\projet\DesignPatternProject\simulation.exe --l4j-debug
WOW64:		yes
Working dir:	C:\Users\mike\prive\cours\ESGI\5AL\design_pattern\projet\DesignPatternProject\.
64-bit search:	SOFTWARE\JavaSoft\Java Runtime Environment...
Check:		SOFTWARE\JavaSoft\Java Runtime Environment\1.7
Check launcher:	C:\Program Files\Java\jre7\bin\javaw.exe (OK)
Match:		1.7
Check:		SOFTWARE\JavaSoft\Java Runtime Environment\1.7.0_45
Check launcher:	C:\Program Files\Java\jre7\bin\javaw.exe (OK)
Match:		1.7.0_45
64-bit search:	SOFTWARE\JavaSoft\Java Development Kit...
Check:		SOFTWARE\JavaSoft\Java Development Kit\1.7
Ignore:		1.7
Check:		SOFTWARE\JavaSoft\Java Development Kit\1.7.0_45
Ignore:		1.7.0_45
Runtime used:	1.7.0_45 (64-bit)
Info:		Classpath not defined.
Launcher:	C:\Program Files\Java\jre7\bin\javaw.exe
Launcher args:	-classpath "C:\Users\mike\prive\cours\ESGI\5AL\design_pattern\projet\DesignPatternProject\simulation.exe" simulationlauncher.Launcher
Args length:	133/32768 chars
Exit code:	0


Version:	3.6
CmdLine:	C:\Users\mike\prive\cours\ESGI\5AL\design_pattern\projet\DesignPatternProject\simulation.exe --l4j-debug
WOW64:		yes
Working dir:	C:\Users\mike\prive\cours\ESGI\5AL\design_pattern\projet\DesignPatternProject\.
64-bit search:	SOFTWARE\JavaSoft\Java Runtime Environment...
Check:		SOFTWARE\JavaSoft\Java Runtime Environment\1.7
Check launcher:	C:\Program Files\Java\jre7\bin\javaw.exe (OK)
Match:		1.7
Check:		SOFTWARE\JavaSoft\Java Runtime Environment\1.7.0_45
Check launcher:	C:\Program Files\Java\jre7\bin\javaw.exe (OK)
Match:		1.7.0_45
64-bit search:	SOFTWARE\JavaSoft\Java Development Kit...
Check:		SOFTWARE\JavaSoft\Java Development Kit\1.7
Ignore:		1.7
Check:		SOFTWARE\JavaSoft\Java Development Kit\1.7.0_45
Ignore:		1.7.0_45
Runtime used:	1.7.0_45 (64-bit)
Info:		Classpath not defined.
Launcher:	C:\Program Files\Java\jre7\bin\javaw.exe
Launcher args:	-classpath "C:\Users\mike\prive\cours\ESGI\5AL\design_pattern\projet\DesignPatternProject\simulation.exe" simulationlauncher.Launcher
Args length:	133/32768 chars
Exit code:	0


Version:	3.6
CmdLine:	C:\Users\mike\prive\cours\ESGI\5AL\design_pattern\projet\DesignPatternProject\simulation.exe --l4j-debug
WOW64:		yes
Working dir:	C:\Users\mike\prive\cours\ESGI\5AL\design_pattern\projet\DesignPatternProject\.
64-bit search:	SOFTWARE\JavaSoft\Java Runtime Environment...
Check:		SOFTWARE\JavaSoft\Java Runtime Environment\1.7
Check launcher:	C:\Program Files\Java\jre7\bin\javaw.exe (OK)
Match:		1.7
Check:		SOFTWARE\JavaSoft\Java Runtime Environment\1.7.0_45
Check launcher:	C:\Program Files\Java\jre7\bin\javaw.exe (OK)
Match:		1.7.0_45
64-bit search:	SOFTWARE\JavaSoft\Java Development Kit...
Check:		SOFTWARE\JavaSoft\Java Development Kit\1.7
Ignore:		1.7
Check:		SOFTWARE\JavaSoft\Java Development Kit\1.7.0_45
Ignore:		1.7.0_45
Runtime used:	1.7.0_45 (64-bit)
Heap -Xms:	Requested 100 MB / 0%, Available: 2420 MB, Heap size: 100 MB
Heap -Xmx:	Requested 500 MB / 0%, Available: 2420 MB, Heap size: 500 MB
Info:		Classpath not defined.
Launcher:	C:\Program Files\Java\jre7\bin\javaw.exe
Launcher args:	-Xms100m -Xmx500m -classpath "C:\Users\mike\prive\cours\ESGI\5AL\design_pattern\projet\DesignPatternProject\simulation.exe" simulationlauncher.Launcher
Args length:	151/32768 chars
Exit code:	0


Version:	3.6
CmdLine:	C:\Users\mike\prive\cours\ESGI\5AL\design_pattern\projet\DesignPatternProject\simulation.exe --l4j-debug
WOW64:		yes
Working dir:	C:\Users\mike\prive\cours\ESGI\5AL\design_pattern\projet\DesignPatternProject\.
64-bit search:	SOFTWARE\JavaSoft\Java Runtime Environment...
Check:		SOFTWARE\JavaSoft\Java Runtime Environment\1.7
Check launcher:	C:\Program Files\Java\jre7\bin\javaw.exe (OK)
Match:		1.7
Check:		SOFTWARE\JavaSoft\Java Runtime Environment\1.7.0_45
Check launcher:	C:\Program Files\Java\jre7\bin\javaw.exe (OK)
Match:		1.7.0_45
64-bit search:	SOFTWARE\JavaSoft\Java Development Kit...
Check:		SOFTWARE\JavaSoft\Java Development Kit\1.7
Ignore:		1.7
Check:		SOFTWARE\JavaSoft\Java Development Kit\1.7.0_45
Ignore:		1.7.0_45
Runtime used:	1.7.0_45 (64-bit)
Heap -Xms:	Requested 100 MB / 0%, Available: 4723 MB, Heap size: 100 MB
Heap -Xmx:	Requested 500 MB / 0%, Available: 4723 MB, Heap size: 500 MB
Info:		Classpath not defined.
Launcher:	C:\Program Files\Java\jre7\bin\javaw.exe
Launcher args:	-Xms100m -Xmx500m -classpath "C:\Users\mike\prive\cours\ESGI\5AL\design_pattern\projet\DesignPatternProject\simulation.exe" simulationlauncher.Launcher
Args length:	151/32768 chars
Exit code:	0


Version:	3.6
CmdLine:	C:\Users\mike\prive\cours\ESGI\5AL\design_pattern\projet\DesignPatternProject\exe\simulation.exe --l4j-debug
WOW64:		yes
Working dir:	C:\Users\mike\prive\cours\ESGI\5AL\design_pattern\projet\DesignPatternProject\exe\.
64-bit search:	SOFTWARE\JavaSoft\Java Runtime Environment...
Check:		SOFTWARE\JavaSoft\Java Runtime Environment\1.7
Check launcher:	C:\Program Files\Java\jre7\bin\javaw.exe (OK)
Match:		1.7
Check:		SOFTWARE\JavaSoft\Java Runtime Environment\1.7.0_45
Check launcher:	C:\Program Files\Java\jre7\bin\javaw.exe (OK)
Match:		1.7.0_45
64-bit search:	SOFTWARE\JavaSoft\Java Development Kit...
Check:		SOFTWARE\JavaSoft\Java Development Kit\1.7
Ignore:		1.7
Check:		SOFTWARE\JavaSoft\Java Development Kit\1.7.0_45
Ignore:		1.7.0_45
Runtime used:	1.7.0_45 (64-bit)
Heap -Xms:	Requested 100 MB / 0%, Available: 3604 MB, Heap size: 100 MB
Heap -Xmx:	Requested 500 MB / 0%, Available: 3604 MB, Heap size: 500 MB
Info:		Classpath not defined.
Launcher:	C:\Program Files\Java\jre7\bin\javaw.exe
Launcher args:	-Xms100m -Xmx500m -classpath "C:\Users\mike\prive\cours\ESGI\5AL\design_pattern\projet\DesignPatternProject\exe\simulation.exe" simulationlauncher.Launcher
Args length:	155/32768 chars
Exit code:	0
